<?xml version="1.0" encoding="UTF-8"?>
<!-- Generated by org.testng.reporters.JUnitReportReporter -->
<testsuite skipped="2" hostname="DESKTOP-FQJI2AJ" name="starter.CucumberTestSuite" tests="2" failures="0" timestamp="09 oct. 2019 18:58:19 GMT" time="0.955" errors="0">
  <testcase name="feature" time="0.016" classname="starter.CucumberTestSuite">
    <skipped/>
  </testcase> <!-- feature -->
  <testcase name="feature" time="0.939" classname="starter.CucumberTestSuite">
    <skipped/>
  </testcase> <!-- feature -->
</testsuite> <!-- starter.CucumberTestSuite -->
