<?xml version="1.0" encoding="UTF-8"?>
<!-- Generated by org.testng.reporters.JUnitReportReporter -->
<testsuite skipped="2" hostname="DESKTOP-FQJI2AJ" name="starter.testRunner.CucumberTestSuite" tests="2" failures="0" timestamp="10 oct. 2019 08:25:09 GMT" time="2.347" errors="0">
  <testcase name="feature" time="2.338" classname="starter.testRunner.CucumberTestSuite">
    <skipped/>
  </testcase> <!-- feature -->
  <testcase name="feature" time="0.009" classname="starter.testRunner.CucumberTestSuite">
    <skipped/>
  </testcase> <!-- feature -->
</testsuite> <!-- starter.testRunner.CucumberTestSuite -->
